#
# There is insufficient memory for the Java Runtime Environment to continue.
# Native memory allocation (mmap) failed to map 715849728 bytes for committing reserved memory.
# Possible reasons:
#   The system is out of physical RAM or swap space
#   In 32 bit mode, the process size limit was hit
# Possible solutions:
#   Reduce memory load on the system
#   Increase physical memory or swap space
#   Check if swap backing store is full
#   Use 64 bit Java on a 64 bit OS
#   Decrease Java heap size (-Xmx/-Xms)
#   Decrease number of Java threads
#   Decrease Java thread stack sizes (-Xss)
#   Set larger code cache with -XX:ReservedCodeCacheSize=
# This output file may be truncated or incomplete.
#
#  Out of Memory Error (os_linux.cpp:2630), pid=9045, tid=0x00007f7170789700
#
# JRE version:  (8.0_121-b13) (build )
# Java VM: OpenJDK 64-Bit Server VM (25.121-b13 mixed mode linux-amd64 compressed oops)
# Failed to write core dump. Core dumps have been disabled. To enable core dumping, try "ulimit -c unlimited" before starting Java again
#

---------------  T H R E A D  ---------------

Current thread (0x00007f7168009800):  JavaThread "Unknown thread" [_thread_in_vm, id=9046, stack(0x00007f7170689000,0x00007f717078a000)]

Stack: [0x00007f7170689000,0x00007f717078a000],  sp=0x00007f7170788500,  free space=1021k
Native frames: (J=compiled Java code, j=interpreted, Vv=VM code, C=native code)
V  [libjvm.so+0xa6647b]
V  [libjvm.so+0x4c32dc]
V  [libjvm.so+0x8b4b60]
V  [libjvm.so+0x8aefde]
V  [libjvm.so+0xa62d74]
V  [libjvm.so+0x5c9db0]
V  [libjvm.so+0xa01be4]
V  [libjvm.so+0x5cab7a]
V  [libjvm.so+0x5b65df]
V  [libjvm.so+0xa29979]
V  [libjvm.so+0xa29bc2]
V  [libjvm.so+0x60e43f]
V  [libjvm.so+0xa0ef6a]
V  [libjvm.so+0x6886e2]  JNI_CreateJavaVM+0x62
C  [libjli.so+0x2f2e]
C  [libjli.so+0x73dd]
C  [libpthread.so.0+0x76ba]  start_thread+0xca


---------------  P R O C E S S  ---------------

Java Threads: ( => current thread )

Other Threads:

=>0x00007f7168009800 (exited) JavaThread "Unknown thread" [_thread_in_vm, id=9046, stack(0x00007f7170689000,0x00007f717078a000)]

VM state:not at safepoint (not fully initialized)

VM Mutex/Monitor currently owned by a thread: None

GC Heap History (0 events):
No events

Deoptimization events (0 events):
No events

Internal exceptions (0 events):
No events

Events (0 events):
No events


Dynamic libraries:
00400000-00401000 r-xp 00000000 fd:01 256539                             /usr/lib/jvm/java-8-openjdk-amd64/jre/bin/java
00600000-00601000 r--p 00000000 fd:01 256539                             /usr/lib/jvm/java-8-openjdk-amd64/jre/bin/java
00601000-00602000 rw-p 00001000 fd:01 256539                             /usr/lib/jvm/java-8-openjdk-amd64/jre/bin/java
0098d000-009ae000 rw-p 00000000 00:00 0                                  [heap]
c0000000-d5550000 rw-p 00000000 00:00 0 
7f7159000000-7f7159270000 rwxp 00000000 00:00 0 
7f7159270000-7f7168000000 ---p 00000000 00:00 0 
7f7168000000-7f7168033000 rw-p 00000000 00:00 0 
7f7168033000-7f716c000000 ---p 00000000 00:00 0 
7f716cb33000-7f716cbde000 rw-p 00000000 00:00 0 
7f716cbde000-7f716cd33000 ---p 00000000 00:00 0 
7f716cd33000-7f716cd3e000 rw-p 00000000 00:00 0 
7f716cd3e000-7f716d0f4000 ---p 00000000 00:00 0 
7f716d0f4000-7f716d0fc000 r-xp 00000000 fd:01 256478                     /usr/lib/jvm/java-8-openjdk-amd64/jre/lib/amd64/libzip.so
7f716d0fc000-7f716d2fb000 ---p 00008000 fd:01 256478                     /usr/lib/jvm/java-8-openjdk-amd64/jre/lib/amd64/libzip.so
7f716d2fb000-7f716d2fc000 r--p 00007000 fd:01 256478                     /usr/lib/jvm/java-8-openjdk-amd64/jre/lib/amd64/libzip.so
7f716d2fc000-7f716d2fd000 rw-p 00008000 fd:01 256478                     /usr/lib/jvm/java-8-openjdk-amd64/jre/lib/amd64/libzip.so
7f716d2fd000-7f716d308000 r-xp 00000000 fd:01 2072                       /lib/x86_64-linux-gnu/libnss_files-2.23.so
7f716d308000-7f716d507000 ---p 0000b000 fd:01 2072                       /lib/x86_64-linux-gnu/libnss_files-2.23.so
7f716d507000-7f716d508000 r--p 0000a000 fd:01 2072                       /lib/x86_64-linux-gnu/libnss_files-2.23.so
7f716d508000-7f716d509000 rw-p 0000b000 fd:01 2072                       /lib/x86_64-linux-gnu/libnss_files-2.23.so
7f716d509000-7f716d50f000 rw-p 00000000 00:00 0 
7f716d50f000-7f716d51a000 r-xp 00000000 fd:01 2061                       /lib/x86_64-linux-gnu/libnss_nis-2.23.so
7f716d51a000-7f716d719000 ---p 0000b000 fd:01 2061                       /lib/x86_64-linux-gnu/libnss_nis-2.23.so
7f716d719000-7f716d71a000 r--p 0000a000 fd:01 2061                       /lib/x86_64-linux-gnu/libnss_nis-2.23.so
7f716d71a000-7f716d71b000 rw-p 0000b000 fd:01 2061                       /lib/x86_64-linux-gnu/libnss_nis-2.23.so
7f716d71b000-7f716d731000 r-xp 00000000 fd:01 2065                       /lib/x86_64-linux-gnu/libnsl-2.23.so
7f716d731000-7f716d930000 ---p 00016000 fd:01 2065                       /lib/x86_64-linux-gnu/libnsl-2.23.so
7f716d930000-7f716d931000 r--p 00015000 fd:01 2065                       /lib/x86_64-linux-gnu/libnsl-2.23.so
7f716d931000-7f716d932000 rw-p 00016000 fd:01 2065                       /lib/x86_64-linux-gnu/libnsl-2.23.so
7f716d932000-7f716d934000 rw-p 00000000 00:00 0 
7f716d934000-7f716d93c000 r-xp 00000000 fd:01 2074                       /lib/x86_64-linux-gnu/libnss_compat-2.23.so
7f716d93c000-7f716db3b000 ---p 00008000 fd:01 2074                       /lib/x86_64-linux-gnu/libnss_compat-2.23.so
7f716db3b000-7f716db3c000 r--p 00007000 fd:01 2074                       /lib/x86_64-linux-gnu/libnss_compat-2.23.so
7f716db3c000-7f716db3d000 rw-p 00008000 fd:01 2074                       /lib/x86_64-linux-gnu/libnss_compat-2.23.so
7f716db3d000-7f716db6a000 r-xp 00000000 fd:01 256505                     /usr/lib/jvm/java-8-openjdk-amd64/jre/lib/amd64/libjava.so
7f716db6a000-7f716dd69000 ---p 0002d000 fd:01 256505                     /usr/lib/jvm/java-8-openjdk-amd64/jre/lib/amd64/libjava.so
7f716dd69000-7f716dd6a000 r--p 0002c000 fd:01 256505                     /usr/lib/jvm/java-8-openjdk-amd64/jre/lib/amd64/libjava.so
7f716dd6a000-7f716dd6c000 rw-p 0002d000 fd:01 256505                     /usr/lib/jvm/java-8-openjdk-amd64/jre/lib/amd64/libjava.so
7f716dd6c000-7f716dd7b000 r-xp 00000000 fd:01 256471                     /usr/lib/jvm/java-8-openjdk-amd64/jre/lib/amd64/libverify.so
7f716dd7b000-7f716df7a000 ---p 0000f000 fd:01 256471                     /usr/lib/jvm/java-8-openjdk-amd64/jre/lib/amd64/libverify.so
7f716df7a000-7f716df7c000 r--p 0000e000 fd:01 256471                     /usr/lib/jvm/java-8-openjdk-amd64/jre/lib/amd64/libverify.so
7f716df7c000-7f716df7d000 rw-p 00010000 fd:01 256471                     /usr/lib/jvm/java-8-openjdk-amd64/jre/lib/amd64/libverify.so
7f716df7d000-7f716df84000 r-xp 00000000 fd:01 2077                       /lib/x86_64-linux-gnu/librt-2.23.so
7f716df84000-7f716e183000 ---p 00007000 fd:01 2077                       /lib/x86_64-linux-gnu/librt-2.23.so
7f716e183000-7f716e184000 r--p 00006000 fd:01 2077                       /lib/x86_64-linux-gnu/librt-2.23.so
7f716e184000-7f716e185000 rw-p 00007000 fd:01 2077                       /lib/x86_64-linux-gnu/librt-2.23.so
7f716e185000-7f716e19b000 r-xp 00000000 fd:01 2038                       /lib/x86_64-linux-gnu/libgcc_s.so.1
7f716e19b000-7f716e39a000 ---p 00016000 fd:01 2038                       /lib/x86_64-linux-gnu/libgcc_s.so.1
7f716e39a000-7f716e39b000 rw-p 00015000 fd:01 2038                       /lib/x86_64-linux-gnu/libgcc_s.so.1
7f716e39b000-7f716e4a3000 r-xp 00000000 fd:01 2064                       /lib/x86_64-linux-gnu/libm-2.23.so
7f716e4a3000-7f716e6a2000 ---p 00108000 fd:01 2064                       /lib/x86_64-linux-gnu/libm-2.23.so
7f716e6a2000-7f716e6a3000 r--p 00107000 fd:01 2064                       /lib/x86_64-linux-gnu/libm-2.23.so
7f716e6a3000-7f716e6a4000 rw-p 00108000 fd:01 2064                       /lib/x86_64-linux-gnu/libm-2.23.so
7f716e6a4000-7f716e816000 r-xp 00000000 fd:01 25737                      /usr/lib/x86_64-linux-gnu/libstdc++.so.6.0.21
7f716e816000-7f716ea16000 ---p 00172000 fd:01 25737                      /usr/lib/x86_64-linux-gnu/libstdc++.so.6.0.21
7f716ea16000-7f716ea20000 r--p 00172000 fd:01 25737                      /usr/lib/x86_64-linux-gnu/libstdc++.so.6.0.21
7f716ea20000-7f716ea22000 rw-p 0017c000 fd:01 25737                      /usr/lib/x86_64-linux-gnu/libstdc++.so.6.0.21
7f716ea22000-7f716ea26000 rw-p 00000000 00:00 0 
7f716ea26000-7f716f676000 r-xp 00000000 fd:01 256500                     /usr/lib/jvm/java-8-openjdk-amd64/jre/lib/amd64/server/libjvm.so
7f716f676000-7f716f875000 ---p 00c50000 fd:01 256500                     /usr/lib/jvm/java-8-openjdk-amd64/jre/lib/amd64/server/libjvm.so
7f716f875000-7f716f908000 r--p 00c4f000 fd:01 256500                     /usr/lib/jvm/java-8-openjdk-amd64/jre/lib/amd64/server/libjvm.so
7f716f908000-7f716f931000 rw-p 00ce2000 fd:01 256500                     /usr/lib/jvm/java-8-openjdk-amd64/jre/lib/amd64/server/libjvm.so
7f716f931000-7f716f961000 rw-p 00000000 00:00 0 
7f716f961000-7f716f979000 r-xp 00000000 fd:01 2082                       /lib/x86_64-linux-gnu/libpthread-2.23.so
7f716f979000-7f716fb78000 ---p 00018000 fd:01 2082                       /lib/x86_64-linux-gnu/libpthread-2.23.so
7f716fb78000-7f716fb79000 r--p 00017000 fd:01 2082                       /lib/x86_64-linux-gnu/libpthread-2.23.so
7f716fb79000-7f716fb7a000 rw-p 00018000 fd:01 2082                       /lib/x86_64-linux-gnu/libpthread-2.23.so
7f716fb7a000-7f716fb7e000 rw-p 00000000 00:00 0 
7f716fb7e000-7f716fb81000 r-xp 00000000 fd:01 2060                       /lib/x86_64-linux-gnu/libdl-2.23.so
7f716fb81000-7f716fd80000 ---p 00003000 fd:01 2060                       /lib/x86_64-linux-gnu/libdl-2.23.so
7f716fd80000-7f716fd81000 r--p 00002000 fd:01 2060                       /lib/x86_64-linux-gnu/libdl-2.23.so
7f716fd81000-7f716fd82000 rw-p 00003000 fd:01 2060                       /lib/x86_64-linux-gnu/libdl-2.23.so
7f716fd82000-7f716fd9b000 r-xp 00000000 fd:01 2187                       /lib/x86_64-linux-gnu/libz.so.1.2.8
7f716fd9b000-7f716ff9a000 ---p 00019000 fd:01 2187                       /lib/x86_64-linux-gnu/libz.so.1.2.8
7f716ff9a000-7f716ff9b000 r--p 00018000 fd:01 2187                       /lib/x86_64-linux-gnu/libz.so.1.2.8
7f716ff9b000-7f716ff9c000 rw-p 00019000 fd:01 2187                       /lib/x86_64-linux-gnu/libz.so.1.2.8
7f716ff9c000-7f717015b000 r-xp 00000000 fd:01 2066                       /lib/x86_64-linux-gnu/libc-2.23.so
7f717015b000-7f717035b000 ---p 001bf000 fd:01 2066                       /lib/x86_64-linux-gnu/libc-2.23.so
7f717035b000-7f717035f000 r--p 001bf000 fd:01 2066                       /lib/x86_64-linux-gnu/libc-2.23.so
7f717035f000-7f7170361000 rw-p 001c3000 fd:01 2066                       /lib/x86_64-linux-gnu/libc-2.23.so
7f7170361000-7f7170365000 rw-p 00000000 00:00 0 
7f7170365000-7f7170372000 r-xp 00000000 fd:01 256494                     /usr/lib/jvm/java-8-openjdk-amd64/jre/lib/amd64/jli/libjli.so
7f7170372000-7f7170572000 ---p 0000d000 fd:01 256494                     /usr/lib/jvm/java-8-openjdk-amd64/jre/lib/amd64/jli/libjli.so
7f7170572000-7f7170573000 r--p 0000d000 fd:01 256494                     /usr/lib/jvm/java-8-openjdk-amd64/jre/lib/amd64/jli/libjli.so
7f7170573000-7f7170574000 rw-p 0000e000 fd:01 256494                     /usr/lib/jvm/java-8-openjdk-amd64/jre/lib/amd64/jli/libjli.so
7f7170574000-7f717059a000 r-xp 00000000 fd:01 2069                       /lib/x86_64-linux-gnu/ld-2.23.so
7f7170681000-7f7170689000 rw-s 00000000 fd:01 258388                     /tmp/hsperfdata_root/9045
7f7170689000-7f717068c000 ---p 00000000 00:00 0 
7f717068c000-7f717078f000 rw-p 00000000 00:00 0 
7f7170795000-7f7170796000 rw-p 00000000 00:00 0 
7f7170796000-7f7170797000 r--p 00000000 00:00 0 
7f7170797000-7f7170799000 rw-p 00000000 00:00 0 
7f7170799000-7f717079a000 r--p 00025000 fd:01 2069                       /lib/x86_64-linux-gnu/ld-2.23.so
7f717079a000-7f717079b000 rw-p 00026000 fd:01 2069                       /lib/x86_64-linux-gnu/ld-2.23.so
7f717079b000-7f717079c000 rw-p 00000000 00:00 0 
7ffd05f72000-7ffd05f93000 rw-p 00000000 00:00 0                          [stack]
7ffd05fdc000-7ffd05fde000 r--p 00000000 00:00 0                          [vvar]
7ffd05fde000-7ffd05fe0000 r-xp 00000000 00:00 0                          [vdso]
ffffffffff600000-ffffffffff601000 r-xp 00000000 00:00 0                  [vsyscall]

VM Arguments:
jvm_args: -Xmx1024M -Xms1024M 
java_command: minecraft_server.1.7.10.jar nogui
java_class_path (initial): minecraft_server.1.7.10.jar
Launcher Type: SUN_STANDARD

Environment Variables:
PATH=/usr/local/sbin:/usr/local/bin:/usr/sbin:/usr/bin:/sbin:/bin:/usr/games:/usr/local/games:/snap/bin
SHELL=/bin/bash

Signal Handlers:
SIGSEGV: [libjvm.so+0xa66fd0], sa_mask[0]=11111111011111111101111111111110, sa_flags=SA_RESTART|SA_SIGINFO
SIGBUS: [libjvm.so+0xa66fd0], sa_mask[0]=11111111011111111101111111111110, sa_flags=SA_RESTART|SA_SIGINFO
SIGFPE: [libjvm.so+0x8b0180], sa_mask[0]=11111111011111111101111111111110, sa_flags=SA_RESTART|SA_SIGINFO
SIGPIPE: [libjvm.so+0x8b0180], sa_mask[0]=11111111011111111101111111111110, sa_flags=SA_RESTART|SA_SIGINFO
SIGXFSZ: [libjvm.so+0x8b0180], sa_mask[0]=11111111011111111101111111111110, sa_flags=SA_RESTART|SA_SIGINFO
SIGILL: [libjvm.so+0x8b0180], sa_mask[0]=11111111011111111101111111111110, sa_flags=SA_RESTART|SA_SIGINFO
SIGUSR1: SIG_DFL, sa_mask[0]=00000000000000000000000000000000, sa_flags=none
SIGUSR2: [libjvm.so+0x8b0030], sa_mask[0]=00000000000000000000000000000000, sa_flags=SA_RESTART|SA_SIGINFO
SIGHUP: SIG_DFL, sa_mask[0]=00000000000000000000000000000000, sa_flags=none
SIGINT: SIG_DFL, sa_mask[0]=00000000000000000000000000000000, sa_flags=none
SIGTERM: SIG_DFL, sa_mask[0]=00000000000000000000000000000000, sa_flags=none
SIGQUIT: SIG_DFL, sa_mask[0]=00000000000000000000000000000000, sa_flags=none


---------------  S Y S T E M  ---------------

OS:DISTRIB_ID=Ubuntu
DISTRIB_RELEASE=16.04
DISTRIB_CODENAME=xenial
DISTRIB_DESCRIPTION="Ubuntu 16.04.2 LTS"

uname:Linux 4.4.0-72-generic #93-Ubuntu SMP Fri Mar 31 14:07:41 UTC 2017 x86_64
libc:glibc 2.23 NPTL 2.23 
rlimit: STACK 8192k, CORE 0k, NPROC 1898, NOFILE 65536, AS infinity
load average:0.00 0.00 0.00

/proc/meminfo:
MemTotal:         500100 kB
MemFree:          381460 kB
MemAvailable:     422628 kB
Buffers:            5256 kB
Cached:            43052 kB
SwapCached:            0 kB
Active:            52052 kB
Inactive:          26220 kB
Active(anon):      32888 kB
Inactive(anon):     1460 kB
Active(file):      19164 kB
Inactive(file):    24760 kB
Unevictable:        3656 kB
Mlocked:            3656 kB
SwapTotal:             0 kB
SwapFree:              0 kB
Dirty:                40 kB
Writeback:             0 kB
AnonPages:         33652 kB
Mapped:            23768 kB
Shmem:              1932 kB
Slab:              22252 kB
SReclaimable:      10208 kB
SUnreclaim:        12044 kB
KernelStack:        1904 kB
PageTables:         3048 kB
NFS_Unstable:          0 kB
Bounce:                0 kB
WritebackTmp:          0 kB
CommitLimit:      250048 kB
Committed_AS:     566552 kB
VmallocTotal:   34359738367 kB
VmallocUsed:           0 kB
VmallocChunk:          0 kB
HardwareCorrupted:     0 kB
AnonHugePages:         0 kB
CmaTotal:              0 kB
CmaFree:               0 kB
HugePages_Total:       0
HugePages_Free:        0
HugePages_Rsvd:        0
HugePages_Surp:        0
Hugepagesize:       2048 kB
DirectMap4k:       40952 kB
DirectMap2M:      483328 kB
DirectMap1G:           0 kB


CPU:total 1 (1 cores per cpu, 1 threads per core) family 6 model 62 stepping 4, cmov, cx8, fxsr, mmx, sse, sse2, sse3, ssse3, sse4.1, sse4.2, popcnt, avx, aes, clmul, erms, tsc

/proc/cpuinfo:
processor	: 0
vendor_id	: GenuineIntel
cpu family	: 6
model		: 62
model name	: Intel(R) Xeon(R) CPU E5-2630L v2 @ 2.40GHz
stepping	: 4
microcode	: 0x1
cpu MHz		: 2399.998
cache size	: 15360 KB
physical id	: 0
siblings	: 1
core id		: 0
cpu cores	: 1
apicid		: 0
initial apicid	: 0
fpu		: yes
fpu_exception	: yes
cpuid level	: 13
wp		: yes
flags		: fpu vme de pse tsc msr pae mce cx8 apic sep mtrr pge mca cmov pat pse36 clflush mmx fxsr sse sse2 ss syscall nx pdpe1gb rdtscp lm constant_tsc arch_perfmon rep_good nopl eagerfpu pni pclmulqdq vmx ssse3 cx16 pcid sse4_1 sse4_2 x2apic popcnt tsc_deadline_timer aes xsave avx f16c rdrand hypervisor lahf_lm vnmi ept fsgsbase tsc_adjust smep erms xsaveopt arat
bugs		:
bogomips	: 4799.99
clflush size	: 64
cache_alignment	: 64
address sizes	: 40 bits physical, 48 bits virtual
power management:



Memory: 4k page, physical 500100k(381460k free), swap 0k(0k free)

vm_info: OpenJDK 64-Bit Server VM (25.121-b13) for linux-amd64 JRE (1.8.0_121-8u121-b13-0ubuntu1.16.04.2-b13), built on Jan 23 2017 15:51:29 by "buildd" with gcc 5.4.0 20160609

time: Mon Apr 24 12:48:40 2017
elapsed time: 0 seconds (0d 0h 0m 0s)

